# Gasmask Service Server Log
# Server ID: prod-web-01
# Environment: Production
# Region: us-west-2

2025-01-02T14:30:00Z [ERROR] [GasmaskService] - Intermittent outage detected. Service unavailable for multiple users.
2025-01-02T14:31:15Z [WARN] [GasmaskDashboard] - Users unable to connect to the dashboard. Connection attempts failing.
2025-01-02T14:32:45Z [ERROR] [APIGateway] - Failed API request. Status Code: 504. Timeout occurred while processing the request.
2025-01-02T14:33:10Z [DEBUG] [APIGateway] - Incoming request: GET /api/v1/data from IP 192.168.1.10
2025-01-02T14:33:15Z [ERROR] [APIGateway] - Failed API request. Status Code: 504. Timeout occurred while processing the request.
2025-01-02T14:34:05Z [INFO] [LoadBalancer] - Detected high traffic volume. Current load: 95%
2025-01-02T14:35:10Z [WARN] [PerformanceMonitor] - Latency increased by 40% over the last hour. Current average latency: 350ms
2025-01-02T14:36:50Z [ERROR] [DatabaseConnector] - Database connection timeout. Unable to establish connection to DB instance.
2025-01-02T14:37:00Z [INFO] [IncidentResponse] - Initiating incident response protocol for Gasmask service outages.
2025-01-02T14:38:20Z [DEBUG] [ServerMonitor] - CPU Usage: 92%, Memory Usage: 78%
2025-01-02T14:39:45Z [DEBUG] [ServerMonitor] - CPU Usage spike detected. Initiating deeper diagnostics.
2025-01-02T14:40:00Z [INFO] [IncidentResponse] - Checking server load and resource utilization.
2025-01-02T14:42:30Z [DEBUG] [ServerMonitor] - CPU Usage: 95%, Memory Usage: 80%
2025-01-02T14:45:00Z [WARN] [PerformanceMonitor] - Sustained high CPU usage detected. Correlating with service outages.
2025-01-02T14:47:20Z [INFO] [DeploymentManager] - Reviewing recent deployments for potential causes of outages.
2025-01-02T14:50:00Z [INFO] [DeploymentManager] - Recent deployment: v2.3.1 - Updated API gateway configurations.
2025-01-02T14:52:15Z [WARN] [APIGateway] - Suspected misconfiguration in new API gateway settings causing timeouts.
2025-01-02T14:55:40Z [INFO] [DeploymentManager] - Rolling back latest API gateway changes to restore previous stable configuration.
2025-01-02T15:00:00Z [INFO] [DeploymentManager] - Rollback successful. Monitoring system stability post-rollback.
2025-01-02T15:00:10Z [INFO] [APIGateway] - API gateway reverted to version v2.3.0. Monitoring for errors.
2025-01-02T15:02:25Z [INFO] [PerformanceMonitor] - 504 errors decreased by 70% post-rollback.
2025-01-02T15:05:25Z [INFO] [PerformanceMonitor] - Latency levels returning to normal. Current average latency: 180ms
2025-01-02T15:10:10Z [INFO] [GasmaskDashboard] - Users successfully connecting to the dashboard.
2025-01-02T15:15:30Z [DEBUG] [APIDebugger] - Analyzing failed API requests for detailed error patterns.
2025-01-02T15:20:45Z [ERROR] [APIGateway] - Identified misconfigured timeout settings in API gateway deployment.
2025-01-02T15:25:00Z [INFO] [ConfigurationManager] - Correcting timeout configurations in API gateway.
2025-01-02T15:30:00Z [INFO] [ConfigurationManager] - Redeploying API gateway with corrected timeout settings.
2025-01-02T15:35:20Z [INFO] [APIGateway] - Redeployment successful. Monitoring for further 504 errors.
2025-01-02T15:35:30Z [INFO] [PerformanceMonitor] - No new 504 errors detected post-correction.
2025-01-02T15:40:00Z [INFO] [PerformanceMonitor] - Latency remains stable at 170ms.
2025-01-02T15:45:30Z [INFO] [DatabaseConnector] - Database connection stability restored. All connections successful.
2025-01-02T15:50:00Z [INFO] [CommunicationManager] - Notifying stakeholders of resolution to Gasmask service issues.
2025-01-02T15:55:15Z [INFO] [Documentation] - Documenting incident details and resolution steps for future reference.
2025-01-02T16:00:00Z [INFO] [DeploymentManager] - Scheduling review of deployment procedures to prevent similar issues.
2025-01-02T16:05:30Z [INFO] [MonitoringTeam] - Implementing enhanced monitoring for API gateway configurations.
2025-01-02T16:10:45Z [INFO] [PostMortem] - Planning post-mortem meeting with development and operations teams.
2025-01-03T09:00:00Z [INFO] [PostMortem] - Post-mortem meeting conducted. Discussed incident timeline and root causes.
2025-01-03T09:15:20Z [INFO] [ActionItems] - Created action items to enhance system resilience and monitoring based on incident.
2025-01-03T09:30:00Z [INFO] [Documentation] - Updated incident response playbook with lessons learned from Gasmask outage.
